C51 COMPILER V9.54   BUTTON                                                                03/30/2020 20:20:30 PAGE 1   


C51 COMPILER V9.54, COMPILATION OF MODULE BUTTON
OBJECT MODULE PLACED IN .\Objects\button.obj
COMPILER INVOKED BY: E:\c51\C51\BIN\C51.EXE button.c OPTIMIZE(8,SPEED) BROWSE DEBUG OBJECTEXTEND PRINT(.\Listings\button
                    -.lst) TABS(2) OBJECT(.\Objects\button.obj)

line level    source

   1          /*******************************************************************************
   2          * 函 数 名         : KeyDown
   3          * 函数功能         : 检测有按键按下并读取键值
   4          * 输    入         : 无
   5          * 输    出         : KeyValue
   6          *******************************************************************************/
   7          #include<button.h>
   8          #include<reg51.h>
   9          #include<time.h>
  10          
  11          #define GPIO_DIG P0
  12          #define GPIO_KEY P1
  13          unsigned char KeyValue;
  14          
  15          char KeyDown()
  16          {
  17   1        char a=0;
  18   1        KeyValue=0;
  19   1        GPIO_KEY=0x0f;
  20   1        if(GPIO_KEY!=0x0f)//读取按键是否按下
  21   1        {
  22   2          Delay10ms();//延时10ms进行消抖
  23   2          if(GPIO_KEY!=0x0f)//再次检测键盘是否按下
  24   2          {
  25   3            
  26   3            //测试行
  27   3            GPIO_KEY=0X0F;
  28   3            switch(GPIO_KEY)
  29   3            {
  30   4              case(0X07): KeyValue=0;break;
  31   4              case(0X0b): KeyValue=1;break;
  32   4              case(0X0d): KeyValue=2;break;
  33   4              case(0X0e): KeyValue=3;break;
  34   4            }
  35   3            //测试列
  36   3            GPIO_KEY=0XF0;
  37   3            switch(GPIO_KEY)
  38   3            {
  39   4              case(0X70): KeyValue=KeyValue;break;
  40   4              case(0Xb0): KeyValue=KeyValue+4;break;
  41   4              case(0Xd0): KeyValue=KeyValue+8;break;
  42   4              case(0Xe0): KeyValue=KeyValue+12;break;
  43   4            }
  44   3          }
  45   2        }
  46   1        return KeyValue;
  47   1      }


MODULE INFORMATION:   STATIC OVERLAYABLE
   CODE SIZE        =    106    ----
   CONSTANT SIZE    =   ----    ----
   XDATA SIZE       =   ----    ----
   PDATA SIZE       =   ----    ----
C51 COMPILER V9.54   BUTTON                                                                03/30/2020 20:20:30 PAGE 2   

   DATA SIZE        =      1       1
   IDATA SIZE       =   ----    ----
   BIT SIZE         =   ----    ----
END OF MODULE INFORMATION.


C51 COMPILATION COMPLETE.  0 WARNING(S),  0 ERROR(S)
